2023-11-02 19:58:12,938: Uso de CPU: {cpu_percent} Uso de memoria: {memory_info.percent}
2023-11-02 19:58:14,942: Uso de CPU: {cpu_percent} Uso de memoria: {memory_info.percent}
2023-11-02 19:58:16,950: Uso de CPU: {cpu_percent} Uso de memoria: {memory_info.percent}
2023-11-02 19:58:18,955: Uso de CPU: {cpu_percent} Uso de memoria: {memory_info.percent}
2023-11-02 19:58:20,961: Uso de CPU: {cpu_percent} Uso de memoria: {memory_info.percent}
2023-11-02 20:13:12,070: Uso de CPU: 1.9% Uso de memoria: 19.2%
2023-11-02 20:13:14,076: Uso de CPU: 1.7% Uso de memoria: 19.2%
2023-11-02 20:13:16,082: Uso de CPU: 2.8% Uso de memoria: 19.2%
2023-11-02 20:13:18,085: Uso de CPU: 6.2% Uso de memoria: 19.3%
2023-11-02 20:13:20,092: Uso de CPU: 10.2% Uso de memoria: 19.3%
2023-11-02 20:13:22,098: Uso de CPU: 3.9% Uso de memoria: 19.4%
2023-11-02 20:13:24,104: Uso de CPU: 11.8% Uso de memoria: 19.4%
2023-11-02 20:13:26,108: Uso de CPU: 1.6% Uso de memoria: 19.4%
2023-11-02 20:13:28,115: Uso de CPU: 1.6% Uso de memoria: 19.4%
2023-11-02 20:13:30,121: Uso de CPU: 2.2% Uso de memoria: 19.4%
2023-11-02 20:13:32,123: Uso de CPU: 3.2% Uso de memoria: 19.3%
2023-11-02 20:13:34,127: Uso de CPU: 9.0% Uso de memoria: 19.3%
2023-11-02 20:13:36,130: Uso de CPU: 0.7% Uso de memoria: 19.3%
2023-11-02 20:13:38,133: Uso de CPU: 2.9% Uso de memoria: 19.3%
2023-11-02 20:13:40,137: Uso de CPU: 2.8% Uso de memoria: 19.3%
2023-11-02 20:13:42,143: Uso de CPU: 2.3% Uso de memoria: 19.3%
2024-06-27 11:10:06,033: Uso de CPU: 12.4% Uso de memoria: 32.9%
2024-06-27 11:10:08,048: Uso de CPU: 3.4% Uso de memoria: 32.8%
2024-06-27 11:10:10,056: Uso de CPU: 11.6% Uso de memoria: 32.7%
2024-06-27 11:10:12,059: Uso de CPU: 5.0% Uso de memoria: 32.7%
2024-06-27 11:10:14,067: Uso de CPU: 20.7% Uso de memoria: 32.7%
2024-06-27 11:10:16,071: Uso de CPU: 3.1% Uso de memoria: 32.7%
2024-06-27 11:10:18,079: Uso de CPU: 1.9% Uso de memoria: 32.7%
2024-06-27 11:10:20,088: Uso de CPU: 8.3% Uso de memoria: 32.7%
2024-06-27 11:10:22,089: Uso de CPU: 5.8% Uso de memoria: 32.8%
2024-06-27 11:10:24,093: Uso de CPU: 3.3% Uso de memoria: 32.8%
2024-06-27 11:10:26,101: Uso de CPU: 18.8% Uso de memoria: 32.7%
2024-06-27 11:10:28,105: Uso de CPU: 7.7% Uso de memoria: 32.7%
2024-06-27 11:10:30,109: Uso de CPU: 10.9% Uso de memoria: 32.7%
2024-06-27 11:10:32,113: Uso de CPU: 2.6% Uso de memoria: 32.8%
2024-06-27 11:10:34,117: Uso de CPU: 4.6% Uso de memoria: 32.7%
2024-06-27 11:10:36,122: Uso de CPU: 11.3% Uso de memoria: 32.7%
2024-06-27 11:10:38,126: Uso de CPU: 9.4% Uso de memoria: 32.7%
2024-06-27 11:10:40,137: Uso de CPU: 1.4% Uso de memoria: 32.6%
2024-06-27 11:10:42,142: Uso de CPU: 4.2% Uso de memoria: 32.7%
2024-06-27 11:10:44,145: Uso de CPU: 5.9% Uso de memoria: 32.6%
2024-06-27 11:10:46,149: Uso de CPU: 12.9% Uso de memoria: 32.6%
2024-06-27 11:10:48,155: Uso de CPU: 19.0% Uso de memoria: 32.7%
2024-06-27 11:10:50,163: Uso de CPU: 6.7% Uso de memoria: 32.7%
2024-06-27 11:10:52,164: Uso de CPU: 16.4% Uso de memoria: 32.8%
2024-06-27 11:10:54,175: Uso de CPU: 3.8% Uso de memoria: 32.7%
2024-06-27 11:10:56,180: Uso de CPU: 2.9% Uso de memoria: 32.8%
2024-06-27 11:10:58,185: Uso de CPU: 1.6% Uso de memoria: 32.7%
2024-06-27 11:11:00,186: Uso de CPU: 3.9% Uso de memoria: 32.7%
2024-06-27 11:11:02,195: Uso de CPU: 5.2% Uso de memoria: 32.7%
2024-06-27 11:11:04,197: Uso de CPU: 1.6% Uso de memoria: 32.7%
2024-06-27 11:11:06,207: Uso de CPU: 3.2% Uso de memoria: 32.7%
2024-06-27 11:11:08,213: Uso de CPU: 6.6% Uso de memoria: 32.7%
2024-06-27 11:11:10,217: Uso de CPU: 4.8% Uso de memoria: 32.7%
2024-06-27 11:11:12,224: Uso de CPU: 1.8% Uso de memoria: 32.7%
2024-06-27 11:11:14,234: Uso de CPU: 7.0% Uso de memoria: 32.7%
2024-06-27 11:11:16,235: Uso de CPU: 1.5% Uso de memoria: 32.7%
2024-06-27 11:11:18,244: Uso de CPU: 15.2% Uso de memoria: 32.7%
2024-06-27 11:11:20,252: Uso de CPU: 9.6% Uso de memoria: 32.9%
2024-06-27 11:11:22,257: Uso de CPU: 4.8% Uso de memoria: 32.9%
2024-06-27 11:11:24,265: Uso de CPU: 3.5% Uso de memoria: 32.9%
2024-06-27 11:11:26,272: Uso de CPU: 5.0% Uso de memoria: 32.8%
2024-06-27 11:11:28,280: Uso de CPU: 1.8% Uso de memoria: 32.8%
2024-06-27 11:11:30,288: Uso de CPU: 2.0% Uso de memoria: 32.8%
2024-06-27 11:11:32,296: Uso de CPU: 1.0% Uso de memoria: 32.7%
2024-06-27 11:11:34,304: Uso de CPU: 1.1% Uso de memoria: 32.7%
2024-06-27 11:11:36,313: Uso de CPU: 7.9% Uso de memoria: 32.7%
2024-06-27 11:11:38,315: Uso de CPU: 2.2% Uso de memoria: 32.7%
2024-06-27 11:11:40,321: Uso de CPU: 2.5% Uso de memoria: 32.7%
2024-06-27 11:11:42,330: Uso de CPU: 2.4% Uso de memoria: 32.7%
2024-06-27 11:11:44,337: Uso de CPU: 0.3% Uso de memoria: 32.7%
2024-06-27 11:11:46,346: Uso de CPU: 3.3% Uso de memoria: 32.7%
2024-06-27 11:11:48,351: Uso de CPU: 6.1% Uso de memoria: 32.8%
2024-06-27 11:11:50,355: Uso de CPU: 4.2% Uso de memoria: 32.8%
2024-06-27 11:11:52,358: Uso de CPU: 1.3% Uso de memoria: 32.8%
2024-06-27 11:11:54,366: Uso de CPU: 2.3% Uso de memoria: 32.7%
2024-06-27 11:11:56,372: Uso de CPU: 1.3% Uso de memoria: 32.7%
2024-06-27 11:11:58,380: Uso de CPU: 2.0% Uso de memoria: 32.7%
2024-06-27 11:12:00,388: Uso de CPU: 4.0% Uso de memoria: 32.6%
2024-06-27 11:12:02,390: Uso de CPU: 0.0% Uso de memoria: 32.6%
2024-06-27 11:12:04,397: Uso de CPU: 2.5% Uso de memoria: 32.6%
2024-06-27 11:12:06,408: Uso de CPU: 7.4% Uso de memoria: 32.6%
2024-06-27 11:12:08,411: Uso de CPU: 4.2% Uso de memoria: 32.6%
2024-06-27 11:12:10,413: Uso de CPU: 2.5% Uso de memoria: 32.6%
2024-06-27 11:12:12,418: Uso de CPU: 2.3% Uso de memoria: 32.6%
2024-06-27 11:12:14,425: Uso de CPU: 1.1% Uso de memoria: 32.6%
2024-06-27 11:12:16,434: Uso de CPU: 1.0% Uso de memoria: 32.6%
2024-06-27 11:12:18,439: Uso de CPU: 1.6% Uso de memoria: 32.6%
2024-06-27 11:12:20,445: Uso de CPU: 1.2% Uso de memoria: 32.6%
2024-06-27 11:12:22,456: Uso de CPU: 1.1% Uso de memoria: 32.6%
2024-06-27 11:12:24,458: Uso de CPU: 1.3% Uso de memoria: 32.6%
2024-06-27 11:12:26,469: Uso de CPU: 1.4% Uso de memoria: 32.6%
2024-06-27 11:12:28,472: Uso de CPU: 0.4% Uso de memoria: 32.6%
2024-06-27 11:12:30,479: Uso de CPU: 2.1% Uso de memoria: 32.6%
2024-06-27 11:12:32,487: Uso de CPU: 2.4% Uso de memoria: 32.6%
2024-06-27 11:12:34,494: Uso de CPU: 1.8% Uso de memoria: 32.6%
2024-06-27 11:12:36,503: Uso de CPU: 1.8% Uso de memoria: 32.6%
2024-06-27 11:12:38,514: Uso de CPU: 3.2% Uso de memoria: 32.6%
2024-06-27 11:12:40,517: Uso de CPU: 1.3% Uso de memoria: 32.6%
2024-06-27 11:12:42,523: Uso de CPU: 4.2% Uso de memoria: 32.6%
2024-06-27 11:12:44,530: Uso de CPU: 7.2% Uso de memoria: 32.6%
2024-06-27 11:12:46,543: Uso de CPU: 11.6% Uso de memoria: 32.7%
2024-06-27 11:12:48,547: Uso de CPU: 5.4% Uso de memoria: 32.7%
2024-06-27 11:12:50,549: Uso de CPU: 8.9% Uso de memoria: 32.7%
2024-06-27 11:12:52,553: Uso de CPU: 9.0% Uso de memoria: 32.7%
2024-06-27 11:12:54,560: Uso de CPU: 10.8% Uso de memoria: 32.7%
2024-06-27 11:12:56,564: Uso de CPU: 2.4% Uso de memoria: 32.7%
2024-06-27 11:12:58,570: Uso de CPU: 0.7% Uso de memoria: 32.7%
2024-06-27 11:13:00,578: Uso de CPU: 2.9% Uso de memoria: 32.7%
2024-06-27 11:13:02,580: Uso de CPU: 0.5% Uso de memoria: 32.7%
2024-06-27 11:13:04,588: Uso de CPU: 1.3% Uso de memoria: 32.7%
2024-06-27 11:13:06,595: Uso de CPU: 4.6% Uso de memoria: 32.7%
2024-06-27 11:13:08,603: Uso de CPU: 7.1% Uso de memoria: 32.7%
2024-06-27 11:13:10,608: Uso de CPU: 11.4% Uso de memoria: 32.7%
2024-06-27 11:13:12,613: Uso de CPU: 8.5% Uso de memoria: 32.8%
2024-06-27 11:13:14,620: Uso de CPU: 6.2% Uso de memoria: 32.7%
2024-06-27 11:13:16,626: Uso de CPU: 13.0% Uso de memoria: 32.7%
2024-06-27 11:13:18,631: Uso de CPU: 9.6% Uso de memoria: 32.8%
2024-06-27 11:13:20,639: Uso de CPU: 14.8% Uso de memoria: 32.8%
2024-06-27 11:13:22,641: Uso de CPU: 13.8% Uso de memoria: 32.9%
2024-06-27 11:35:34,320: CPU: 6.2% dedicated to: scputimes(user=9.1, system=9.0, idle=81.7, interrupt=0.1, dpc=0.1)Uso de memoria: 33.6%
2024-06-27 11:35:37,326: CPU: 2.6% dedicated to: scputimes(user=2.0, system=2.2, idle=95.7, interrupt=0.1, dpc=0.0)Uso de memoria: 33.6%
2024-06-27 11:35:40,333: CPU: 12.6% dedicated to: scputimes(user=8.4, system=6.2, idle=84.9, interrupt=0.4, dpc=0.1)Uso de memoria: 33.6%
2024-06-27 11:35:43,338: CPU: 11.4% dedicated to: scputimes(user=10.0, system=6.7, idle=82.9, interrupt=0.3, dpc=0.1)Uso de memoria: 33.6%
2024-06-27 11:36:15,697: CPU: 4.0% dedicated to: 11.9Uso de memoria: 33.5%
2024-06-27 11:36:18,709: CPU: 15.8% dedicated to: 0.9Uso de memoria: 33.5%
2024-06-27 11:36:21,712: CPU: 14.6% dedicated to: 2.5Uso de memoria: 33.5%
2024-06-27 11:36:34,075: CPU: 6.4% dedicated to: scputimes(user=7.3, system=8.3, idle=84.2, interrupt=0.0, dpc=0.2)Uso de memoria: 33.6%
2024-06-27 11:36:37,077: CPU: 1.9% dedicated to: scputimes(user=0.7, system=0.8, idle=98.5, interrupt=0.0, dpc=0.0)Uso de memoria: 33.6%
2024-06-27 11:36:40,085: CPU: 1.4% dedicated to: scputimes(user=1.1, system=0.6, idle=98.2, interrupt=0.1, dpc=0.0)Uso de memoria: 33.5%
2024-06-27 11:36:43,094: CPU: 2.1% dedicated to: scputimes(user=1.3, system=0.5, idle=98.2, interrupt=0.0, dpc=0.0)Uso de memoria: 33.5%
2024-06-27 11:36:46,097: CPU: 6.3% dedicated to: scputimes(user=4.5, system=4.1, idle=91.4, interrupt=0.0, dpc=0.0)Uso de memoria: 33.5%
2024-06-27 11:36:49,105: CPU: 15.3% dedicated to: scputimes(user=3.4, system=3.6, idle=92.6, interrupt=0.3, dpc=0.1)Uso de memoria: 33.5%
2024-06-27 11:37:02,558: CPU: 3.0% dedicated to: scputimes(user=4.8, system=5.9, idle=89.1, interrupt=0.1, dpc=0.0)Uso de memoria: 33.6%
2024-06-27 11:37:05,571: CPU: 6.4% dedicated to: scputimes(user=12.6, system=6.9, idle=80.4, interrupt=0.1, dpc=0.0)Uso de memoria: 33.5%
2024-06-27 11:37:35,830: CPU: 2.4% dedicated to: scputimes(user=5.8, system=4.8, idle=88.9, interrupt=0.4, dpc=0.1)Uso de memoria: 33.6%
2024-06-27 11:37:38,837: CPU: 4.6% dedicated to: scputimes(user=1.7, system=1.2, idle=97.2, interrupt=0.0, dpc=0.0)Uso de memoria: 33.6%
2024-06-27 11:37:41,845: CPU: 9.4% dedicated to: scputimes(user=13.6, system=7.1, idle=79.0, interrupt=0.2, dpc=0.1)Uso de memoria: 33.6%
2024-06-27 11:37:44,848: CPU: 1.6% dedicated to: scputimes(user=2.1, system=2.5, idle=95.3, interrupt=0.0, dpc=0.2)Uso de memoria: 33.6%
2024-06-27 11:37:47,859: CPU: 17.5% dedicated to: scputimes(user=10.9, system=8.0, idle=80.9, interrupt=0.3, dpc=0.0)Uso de memoria: 33.5%
2024-06-27 11:40:25,603: CPU: 3.0% [USER: 9.1] Uso de memoria: 34.0%
2024-06-27 11:40:28,614: CPU: 17.6% [USER: 4.0] Uso de memoria: 34.0%
2024-06-27 11:42:14,078: CPU: 3.1% [USER: 6.3 SYSTEM: 4.9 IDLE: 88.6 INTERRUPT: 0.2 DCP: 0.0] Uso de memoria: 34.3%
2024-06-27 11:42:17,081: CPU: 1.7% [USER: 0.4 SYSTEM: 0.2 IDLE: 99.4 INTERRUPT: 0.0 DCP: 0.0] Uso de memoria: 34.2%
2024-06-27 11:42:20,091: CPU: 4.5% [USER: 3.8 SYSTEM: 2.4 IDLE: 93.9 INTERRUPT: 0.0 DCP: 0.0] Uso de memoria: 34.2%
2024-06-27 11:42:23,100: CPU: 1.0% [USER: 0.8 SYSTEM: 1.1 IDLE: 98.0 INTERRUPT: 0.2 DCP: 0.0] Uso de memoria: 34.2%
2024-06-27 11:42:26,111: CPU: 2.0% [USER: 0.9 SYSTEM: 1.5 IDLE: 97.4 INTERRUPT: 0.2 DCP: 0.0] Uso de memoria: 34.1%
2024-06-27 11:42:29,114: CPU: 2.7% [USER: 1.8 SYSTEM: 2.4 IDLE: 95.6 INTERRUPT: 0.1 DCP: 0.1] Uso de memoria: 34.1%
2024-06-27 11:42:32,122: CPU: 3.6% [USER: 0.6 SYSTEM: 0.4 IDLE: 99.0 INTERRUPT: 0.0 DCP: 0.0] Uso de memoria: 34.1%
2024-06-27 11:42:35,132: CPU: 4.5% [USER: 8.2 SYSTEM: 4.3 IDLE: 87.5 INTERRUPT: 0.0 DCP: 0.0] Uso de memoria: 34.2%
2024-06-27 11:42:38,142: CPU: 5.5% [USER: 0.4 SYSTEM: 0.8 IDLE: 98.5 INTERRUPT: 0.1 DCP: 0.2] Uso de memoria: 34.2%
2024-06-27 11:42:41,146: CPU: 0.1% [USER: 0.0 SYSTEM: 0.1 IDLE: 99.9 INTERRUPT: 0.0 DCP: 0.0] Uso de memoria: 34.1%
2024-06-27 11:42:44,154: CPU: 0.0% [USER: 0.0 SYSTEM: 0.0 IDLE: 100.0 INTERRUPT: 0.0 DCP: 0.0] Uso de memoria: 34.2%
2024-06-27 11:42:47,162: CPU: 1.1% [USER: 0.0 SYSTEM: 0.2 IDLE: 99.7 INTERRUPT: 0.1 DCP: 0.0] Uso de memoria: 34.1%
2024-06-27 11:42:50,171: CPU: 0.2% [USER: 0.2 SYSTEM: 0.1 IDLE: 99.6 INTERRUPT: 0.0 DCP: 0.1] Uso de memoria: 34.1%
2024-06-27 11:42:53,176: CPU: 0.2% [USER: 0.2 SYSTEM: 0.7 IDLE: 98.9 INTERRUPT: 0.0 DCP: 0.2] Uso de memoria: 34.1%
2024-06-27 11:42:56,185: CPU: 1.5% [USER: 0.3 SYSTEM: 0.7 IDLE: 99.0 INTERRUPT: 0.0 DCP: 0.0] Uso de memoria: 34.1%
